<?xml version="1.0" encoding="UTF-8"?>
<!-- Generated by org.testng.reporters.JUnitReportReporter -->
<testsuite skipped="3" hostname="DESKTOP-GOGGDHJ" name="com.hawk895.testcases.AddCustomer" tests="4" failures="0" timestamp="2020-11-16T23:50:01 IST" time="607.840" errors="1">
  <testcase name="setUp" time="607.840" classname="com.hawk895.testcases.AddCustomer">
    <error type="org.openqa.selenium.SessionNotCreatedException" message="session not created
from timeout: Timed out receiving message from renderer: 600.000
  (Session info: chrome=86.0.4240.193)
Build info: version: &#039;3.141.59&#039;, revision: &#039;e82be7d358&#039;, time: &#039;2018-11-14T08:17:03&#039;
System info: host: &#039;DESKTOP-GOGGDHJ&#039;, ip: &#039;192.168.0.102&#039;, os.name: &#039;Windows 10&#039;, os.arch: &#039;amd64&#039;, os.version: &#039;10.0&#039;, java.version: &#039;1.8.0_201&#039;
Driver info: driver.version: ChromeDriver
remote stacktrace: Backtrace:
	Ordinal0 [0x00AEC013+3194899]
	Ordinal0 [0x009D6021+2056225]
	Ordinal0 [0x0086F608+587272]
	Ordinal0 [0x008636EC+538348]
	Ordinal0 [0x00862A6F+535151]
	Ordinal0 [0x00862E45+536133]
	Ordinal0 [0x008627A5+534437]
	Ordinal0 [0x0086BBC9+572361]
	Ordinal0 [0x00862754+534356]
	Ordinal0 [0x00863475+537717]
	Ordinal0 [0x00862A6F+535151]
	Ordinal0 [0x00862E45+536133]
	Ordinal0 [0x008627A5+534437]
	Ordinal0 [0x00869EFE+564990]
	Ordinal0 [0x00862754+534356]
	Ordinal0 [0x00863475+537717]
	Ordinal0 [0x00862A6F+535151]
	Ordinal0 [0x00862E45+536133]
	Ordinal0 [0x008627A5+534437]
	Ordinal0 [0x00868186+557446]
	Ordinal0 [0x00862754+534356]
	Ordinal0 [0x00863475+537717]
	Ordinal0 [0x00862A6F+535151]
	Ordinal0 [0x00862E45+536133]
	Ordinal0 [0x008627A5+534437]
	Ordinal0 [0x008674A7+554151]
	Ordinal0 [0x00862754+534356]
	Ordinal0 [0x00863475+537717]
	Ordinal0 [0x00862A6F+535151]
	Ordinal0 [0x00862E45+536133]
	Ordinal0 [0x008627A5+534437]
	Ordinal0 [0x0085F06C+520300]
	Ordinal0 [0x00862754+534356]
	Ordinal0 [0x008625BF+533951]
	Ordinal0 [0x008623D3+533459]
	Ordinal0 [0x00870620+591392]
	Ordinal0 [0x00812A0C+207372]
	Ordinal0 [0x00811D0D+204045]
	Ordinal0 [0x0080FC1B+195611]
	Ordinal0 [0x007F3B7F+80767]
	Ordinal0 [0x007F4B4E+84814]
	Ordinal0 [0x007F4AD9+84697]
	Ordinal0 [0x009ECE64+2149988]
	GetHandleVerifier [0x00C5BE95+1400773]
	GetHandleVerifier [0x00C5BB61+1399953]
	GetHandleVerifier [0x00C631FA+1430314]
	GetHandleVerifier [0x00C5C69F+1402831]
	Ordinal0 [0x009E3D61+2112865]
	Ordinal0 [0x009EE5CB+2155979]
	Ordinal0 [0x009EE6F5+2156277]
	Ordinal0 [0x009FF26E+2224750]
	BaseThreadInitThunk [0x74FD6359+25]
	RtlGetAppContainerNamedObjectPath [0x76F47C24+228]
	RtlGetAppContainerNamedObjectPath [0x76F47BF4+180]
">
      <![CDATA[org.openqa.selenium.SessionNotCreatedException: session not created
from timeout: Timed out receiving message from renderer: 600.000
  (Session info: chrome=86.0.4240.193)
Build info: version: '3.141.59', revision: 'e82be7d358', time: '2018-11-14T08:17:03'
System info: host: 'DESKTOP-GOGGDHJ', ip: '192.168.0.102', os.name: 'Windows 10', os.arch: 'amd64', os.version: '10.0', java.version: '1.8.0_201'
Driver info: driver.version: ChromeDriver
remote stacktrace: Backtrace:
Ordinal0 [0x00AEC013+3194899]
Ordinal0 [0x009D6021+2056225]
Ordinal0 [0x0086F608+587272]
Ordinal0 [0x008636EC+538348]
Ordinal0 [0x00862A6F+535151]
Ordinal0 [0x00862E45+536133]
Ordinal0 [0x008627A5+534437]
Ordinal0 [0x0086BBC9+572361]
Ordinal0 [0x00862754+534356]
Ordinal0 [0x00863475+537717]
Ordinal0 [0x00862A6F+535151]
Ordinal0 [0x00862E45+536133]
Ordinal0 [0x008627A5+534437]
Ordinal0 [0x00869EFE+564990]
Ordinal0 [0x00862754+534356]
Ordinal0 [0x00863475+537717]
Ordinal0 [0x00862A6F+535151]
Ordinal0 [0x00862E45+536133]
Ordinal0 [0x008627A5+534437]
Ordinal0 [0x00868186+557446]
Ordinal0 [0x00862754+534356]
Ordinal0 [0x00863475+537717]
Ordinal0 [0x00862A6F+535151]
Ordinal0 [0x00862E45+536133]
Ordinal0 [0x008627A5+534437]
Ordinal0 [0x008674A7+554151]
Ordinal0 [0x00862754+534356]
Ordinal0 [0x00863475+537717]
Ordinal0 [0x00862A6F+535151]
Ordinal0 [0x00862E45+536133]
Ordinal0 [0x008627A5+534437]
Ordinal0 [0x0085F06C+520300]
Ordinal0 [0x00862754+534356]
Ordinal0 [0x008625BF+533951]
Ordinal0 [0x008623D3+533459]
Ordinal0 [0x00870620+591392]
Ordinal0 [0x00812A0C+207372]
Ordinal0 [0x00811D0D+204045]
Ordinal0 [0x0080FC1B+195611]
Ordinal0 [0x007F3B7F+80767]
Ordinal0 [0x007F4B4E+84814]
Ordinal0 [0x007F4AD9+84697]
Ordinal0 [0x009ECE64+2149988]
GetHandleVerifier [0x00C5BE95+1400773]
GetHandleVerifier [0x00C5BB61+1399953]
GetHandleVerifier [0x00C631FA+1430314]
GetHandleVerifier [0x00C5C69F+1402831]
Ordinal0 [0x009E3D61+2112865]
Ordinal0 [0x009EE5CB+2155979]
Ordinal0 [0x009EE6F5+2156277]
Ordinal0 [0x009FF26E+2224750]
BaseThreadInitThunk [0x74FD6359+25]
RtlGetAppContainerNamedObjectPath [0x76F47C24+228]
RtlGetAppContainerNamedObjectPath [0x76F47BF4+180]

at sun.reflect.NativeConstructorAccessorImpl.newInstance0(Native Method)
at sun.reflect.NativeConstructorAccessorImpl.newInstance(NativeConstructorAccessorImpl.java:62)
at sun.reflect.DelegatingConstructorAccessorImpl.newInstance(DelegatingConstructorAccessorImpl.java:45)
at java.lang.reflect.Constructor.newInstance(Constructor.java:423)
at org.openqa.selenium.remote.W3CHandshakeResponse.lambda$errorHandler$0(W3CHandshakeResponse.java:62)
at org.openqa.selenium.remote.HandshakeResponse.lambda$getResponseFunction$0(HandshakeResponse.java:30)
at org.openqa.selenium.remote.ProtocolHandshake.lambda$createSession$0(ProtocolHandshake.java:126)
at java.util.stream.ReferencePipeline$3$1.accept(ReferencePipeline.java:193)
at java.util.Spliterators$ArraySpliterator.tryAdvance(Spliterators.java:958)
at java.util.stream.ReferencePipeline.forEachWithCancel(ReferencePipeline.java:126)
at java.util.stream.AbstractPipeline.copyIntoWithCancel(AbstractPipeline.java:498)
at java.util.stream.AbstractPipeline.copyInto(AbstractPipeline.java:485)
at java.util.stream.AbstractPipeline.wrapAndCopyInto(AbstractPipeline.java:471)
at java.util.stream.FindOps$FindOp.evaluateSequential(FindOps.java:152)
at java.util.stream.AbstractPipeline.evaluate(AbstractPipeline.java:234)
at java.util.stream.ReferencePipeline.findFirst(ReferencePipeline.java:464)
at org.openqa.selenium.remote.ProtocolHandshake.createSession(ProtocolHandshake.java:128)
at org.openqa.selenium.remote.ProtocolHandshake.createSession(ProtocolHandshake.java:74)
at org.openqa.selenium.remote.HttpCommandExecutor.execute(HttpCommandExecutor.java:136)
at org.openqa.selenium.remote.service.DriverCommandExecutor.execute(DriverCommandExecutor.java:83)
at org.openqa.selenium.remote.RemoteWebDriver.execute(RemoteWebDriver.java:552)
at org.openqa.selenium.remote.RemoteWebDriver.startSession(RemoteWebDriver.java:213)
at org.openqa.selenium.remote.RemoteWebDriver.<init>(RemoteWebDriver.java:131)
at org.openqa.selenium.chrome.ChromeDriver.<init>(ChromeDriver.java:181)
at org.openqa.selenium.chrome.ChromeDriver.<init>(ChromeDriver.java:168)
at org.openqa.selenium.chrome.ChromeDriver.<init>(ChromeDriver.java:123)
at com.hawk895.base.TestBase.setUp(TestBase.java:76)
at sun.reflect.NativeMethodAccessorImpl.invoke0(Native Method)
at sun.reflect.NativeMethodAccessorImpl.invoke(NativeMethodAccessorImpl.java:62)
at sun.reflect.DelegatingMethodAccessorImpl.invoke(DelegatingMethodAccessorImpl.java:43)
at java.lang.reflect.Method.invoke(Method.java:498)
at org.testng.internal.MethodInvocationHelper.invokeMethod(MethodInvocationHelper.java:132)
at org.testng.internal.MethodInvocationHelper.invokeMethodConsideringTimeout(MethodInvocationHelper.java:61)
at org.testng.internal.ConfigInvoker.invokeConfigurationMethod(ConfigInvoker.java:366)
at org.testng.internal.ConfigInvoker.invokeConfigurations(ConfigInvoker.java:320)
at org.testng.SuiteRunner.privateRun(SuiteRunner.java:327)
at org.testng.SuiteRunner.run(SuiteRunner.java:286)
at org.testng.SuiteRunnerWorker.runSuite(SuiteRunnerWorker.java:53)
at org.testng.SuiteRunnerWorker.run(SuiteRunnerWorker.java:96)
at org.testng.TestNG.runSuitesSequentially(TestNG.java:1218)
at org.testng.TestNG.runSuitesLocally(TestNG.java:1140)
at org.testng.TestNG.runSuites(TestNG.java:1069)
at org.testng.TestNG.run(TestNG.java:1037)
at org.apache.maven.surefire.testng.TestNGExecutor.run(TestNGExecutor.java:281)
at org.apache.maven.surefire.testng.TestNGXmlTestSuite.execute(TestNGXmlTestSuite.java:75)
at org.apache.maven.surefire.testng.TestNGProvider.invoke(TestNGProvider.java:121)
at org.apache.maven.surefire.booter.ForkedBooter.invokeProviderInSameClassLoader(ForkedBooter.java:290)
at org.apache.maven.surefire.booter.ForkedBooter.runSuitesInProcess(ForkedBooter.java:242)
at org.apache.maven.surefire.booter.ForkedBooter.main(ForkedBooter.java:121)
]]>
    </error>
  </testcase> <!-- setUp -->
  <system-out/>
  <testcase name="addCust" time="0.000" classname="com.hawk895.testcases.AddCustomer">
    <skipped/>
  </testcase> <!-- addCust -->
  <system-out/>
  <testcase name="addCust" time="0.000" classname="com.hawk895.testcases.AddCustomer">
    <skipped/>
  </testcase> <!-- addCust -->
  <system-out/>
  <testcase name="addCust" time="0.000" classname="com.hawk895.testcases.AddCustomer">
    <skipped/>
  </testcase> <!-- addCust -->
  <system-out/>
</testsuite> <!-- com.hawk895.testcases.AddCustomer -->
