<html>
<head>
<title>TestNG:  LoginTest</title>
<link href="../testng.css" rel="stylesheet" type="text/css" />
<link href="../my-testng.css" rel="stylesheet" type="text/css" />

<style type="text/css">
.log { display: none;} 
.stack-trace { display: none;} 
</style>
<script type="text/javascript">
<!--
function flip(e) {
  current = e.style.display;
  if (current == 'block') {
    e.style.display = 'none';
    return 0;
  }
  else {
    e.style.display = 'block';
    return 1;
  }
}

function toggleBox(szDivId, elem, msg1, msg2)
{
  var res = -1;  if (document.getElementById) {
    res = flip(document.getElementById(szDivId));
  }
  else if (document.all) {
    // this is the way old msie versions work
    res = flip(document.all[szDivId]);
  }
  if(elem) {
    if(res == 0) elem.innerHTML = msg1; else elem.innerHTML = msg2;
  }

}

function toggleAllBoxes() {
  if (document.getElementsByTagName) {
    d = document.getElementsByTagName('div');
    for (i = 0; i < d.length; i++) {
      if (d[i].className == 'log') {
        flip(d[i]);
      }
    }
  }
}

// -->
</script>

</head>
<body>
<h2 align='center'>LoginTest</h2><table border='1' align="center">
<tr>
<td>Tests passed/Failed/Skipped:</td><td>0/0/1</td>
</tr><tr>
<td>Started on:</td><td>Mon Nov 16 23:50:00 IST 2020</td>
</tr>
<tr><td>Total time:</td><td>0 seconds (117 ms)</td>
</tr><tr>
<td>Included groups:</td><td></td>
</tr><tr>
<td>Excluded groups:</td><td></td>
</tr>
</table><p/>
<small><i>(Hover the method name to see the test class name)</i></small><p/>
<table width='100%' border='1' class='invocation-failed'>
<tr><td colspan='4' align='center'><b>FAILED CONFIGURATIONS</b></td></tr>
<tr><td><b>Test method</b></td>
<td width="30%"><b>Exception</b></td>
<td width="10%"><b>Time (seconds)</b></td>
<td><b>Instance</b></td>
</tr>
<tr>
<td title='com.hawk895.testcases.AddCustomer.setUp()'><b>setUp</b><br>Test class: com.hawk895.testcases.AddCustomer</td>
<td><div><pre>org.openqa.selenium.SessionNotCreatedException: session not created
from timeout: Timed out receiving message from renderer: 600.000
  (Session info: chrome=86.0.4240.193)
Build info: version: &apos;3.141.59&apos;, revision: &apos;e82be7d358&apos;, time: &apos;2018-11-14T08:17:03&apos;
System info: host: &apos;DESKTOP-GOGGDHJ&apos;, ip: &apos;192.168.0.102&apos;, os.name: &apos;Windows 10&apos;, os.arch: &apos;amd64&apos;, os.version: &apos;10.0&apos;, java.version: &apos;1.8.0_201&apos;
Driver info: driver.version: ChromeDriver
remote stacktrace: Backtrace:
	Ordinal0 [0x00AEC013+3194899]
	Ordinal0 [0x009D6021+2056225]
	Ordinal0 [0x0086F608+587272]
	Ordinal0 [0x008636EC+538348]
	Ordinal0 [0x00862A6F+535151]
	Ordinal0 [0x00862E45+536133]
	Ordinal0 [0x008627A5+534437]
	Ordinal0 [0x0086BBC9+572361]
	Ordinal0 [0x00862754+534356]
	Ordinal0 [0x00863475+537717]
	Ordinal0 [0x00862A6F+535151]
	Ordinal0 [0x00862E45+536133]
	Ordinal0 [0x008627A5+534437]
	Ordinal0 [0x00869EFE+564990]
	Ordinal0 [0x00862754+534356]
	Ordinal0 [0x00863475+537717]
	Ordinal0 [0x00862A6F+535151]
	Ordinal0 [0x00862E45+536133]
	Ordinal0 [0x008627A5+534437]
	Ordinal0 [0x00868186+557446]
	Ordinal0 [0x00862754+534356]
	Ordinal0 [0x00863475+537717]
	Ordinal0 [0x00862A6F+535151]
	Ordinal0 [0x00862E45+536133]
	Ordinal0 [0x008627A5+534437]
	Ordinal0 [0x008674A7+554151]
	Ordinal0 [0x00862754+534356]
	Ordinal0 [0x00863475+537717]
	Ordinal0 [0x00862A6F+535151]
	Ordinal0 [0x00862E45+536133]
	Ordinal0 [0x008627A5+534437]
	Ordinal0 [0x0085F06C+520300]
	Ordinal0 [0x00862754+534356]
	Ordinal0 [0x008625BF+533951]
	Ordinal0 [0x008623D3+533459]
	Ordinal0 [0x00870620+591392]
	Ordinal0 [0x00812A0C+207372]
	Ordinal0 [0x00811D0D+204045]
	Ordinal0 [0x0080FC1B+195611]
	Ordinal0 [0x007F3B7F+80767]
	Ordinal0 [0x007F4B4E+84814]
	Ordinal0 [0x007F4AD9+84697]
	Ordinal0 [0x009ECE64+2149988]
	GetHandleVerifier [0x00C5BE95+1400773]
	GetHandleVerifier [0x00C5BB61+1399953]
	GetHandleVerifier [0x00C631FA+1430314]
	GetHandleVerifier [0x00C5C69F+1402831]
	Ordinal0 [0x009E3D61+2112865]
	Ordinal0 [0x009EE5CB+2155979]
	Ordinal0 [0x009EE6F5+2156277]
	Ordinal0 [0x009FF26E+2224750]
	BaseThreadInitThunk [0x74FD6359+25]
	RtlGetAppContainerNamedObjectPath [0x76F47C24+228]
	RtlGetAppContainerNamedObjectPath [0x76F47BF4+180]

	at org.openqa.selenium.remote.W3CHandshakeResponse.lambda$errorHandler$0(W3CHandshakeResponse.java:62)
	at org.openqa.selenium.remote.HandshakeResponse.lambda$getResponseFunction$0(HandshakeResponse.java:30)
	at org.openqa.selenium.remote.ProtocolHandshake.lambda$createSession$0(ProtocolHandshake.java:126)
	at java.util.stream.ReferencePipeline$3$1.accept(ReferencePipeline.java:193)
	at java.util.Spliterators$ArraySpliterator.tryAdvance(Spliterators.java:958)
	at java.util.stream.ReferencePipeline.forEachWithCancel(ReferencePipeline.java:126)
	at java.util.stream.AbstractPipeline.copyIntoWithCancel(AbstractPipeline.java:498)
	at java.util.stream.AbstractPipeline.copyInto(AbstractPipeline.java:485)
	at java.util.stream.AbstractPipeline.wrapAndCopyInto(AbstractPipeline.java:471)
	at java.util.stream.FindOps$FindOp.evaluateSequential(FindOps.java:152)
	at java.util.stream.AbstractPipeline.evaluate(AbstractPipeline.java:234)
	at java.util.stream.ReferencePipeline.findFirst(ReferencePipeline.java:464)
	at org.openqa.selenium.remote.ProtocolHandshake.createSession(ProtocolHandshake.java:128)
	at org.openqa.selenium.remote.ProtocolHandshake.createSession(ProtocolHandshake.java:74)
	at org.openqa.selenium.remote.HttpCommandExecutor.execute(HttpCommandExecutor.java:136)
	at org.openqa.selenium.remote.service.DriverCommandExecutor.execute(DriverCommandExecutor.java:83)
	at org.openqa.selenium.remote.RemoteWebDriver.execute(RemoteWebDriver.java:552)
	at org.openqa.selenium.remote.RemoteWebDriver.startSession(RemoteWebDriver.java:213)
	at org.openqa.selenium.remote.RemoteWebDriver.&lt;init&gt;(RemoteWebDriver.java:131)
	at org.openqa.selenium.chrome.ChromeDriver.&lt;init&gt;(ChromeDriver.java:181)
	at org.openqa.selenium.chrome.ChromeDriver.&lt;init&gt;(ChromeDriver.java:168)
	at org.openqa.selenium.chrome.ChromeDriver.&lt;init&gt;(ChromeDriver.java:123)
	at com.hawk895.base.TestBase.setUp(TestBase.java:76)
... Removed 26 stack frames</pre></div><a href='#' onClick='toggleBox("stack-trace1845623216", this, "Click to show all stack frames", "Click to hide stack frames")'>Click to show all stack frames</a>
<div class='stack-trace' id='stack-trace1845623216'><pre>org.openqa.selenium.SessionNotCreatedException: session not created
from timeout: Timed out receiving message from renderer: 600.000
  (Session info: chrome=86.0.4240.193)
Build info: version: &apos;3.141.59&apos;, revision: &apos;e82be7d358&apos;, time: &apos;2018-11-14T08:17:03&apos;
System info: host: &apos;DESKTOP-GOGGDHJ&apos;, ip: &apos;192.168.0.102&apos;, os.name: &apos;Windows 10&apos;, os.arch: &apos;amd64&apos;, os.version: &apos;10.0&apos;, java.version: &apos;1.8.0_201&apos;
Driver info: driver.version: ChromeDriver
remote stacktrace: Backtrace:
	Ordinal0 [0x00AEC013+3194899]
	Ordinal0 [0x009D6021+2056225]
	Ordinal0 [0x0086F608+587272]
	Ordinal0 [0x008636EC+538348]
	Ordinal0 [0x00862A6F+535151]
	Ordinal0 [0x00862E45+536133]
	Ordinal0 [0x008627A5+534437]
	Ordinal0 [0x0086BBC9+572361]
	Ordinal0 [0x00862754+534356]
	Ordinal0 [0x00863475+537717]
	Ordinal0 [0x00862A6F+535151]
	Ordinal0 [0x00862E45+536133]
	Ordinal0 [0x008627A5+534437]
	Ordinal0 [0x00869EFE+564990]
	Ordinal0 [0x00862754+534356]
	Ordinal0 [0x00863475+537717]
	Ordinal0 [0x00862A6F+535151]
	Ordinal0 [0x00862E45+536133]
	Ordinal0 [0x008627A5+534437]
	Ordinal0 [0x00868186+557446]
	Ordinal0 [0x00862754+534356]
	Ordinal0 [0x00863475+537717]
	Ordinal0 [0x00862A6F+535151]
	Ordinal0 [0x00862E45+536133]
	Ordinal0 [0x008627A5+534437]
	Ordinal0 [0x008674A7+554151]
	Ordinal0 [0x00862754+534356]
	Ordinal0 [0x00863475+537717]
	Ordinal0 [0x00862A6F+535151]
	Ordinal0 [0x00862E45+536133]
	Ordinal0 [0x008627A5+534437]
	Ordinal0 [0x0085F06C+520300]
	Ordinal0 [0x00862754+534356]
	Ordinal0 [0x008625BF+533951]
	Ordinal0 [0x008623D3+533459]
	Ordinal0 [0x00870620+591392]
	Ordinal0 [0x00812A0C+207372]
	Ordinal0 [0x00811D0D+204045]
	Ordinal0 [0x0080FC1B+195611]
	Ordinal0 [0x007F3B7F+80767]
	Ordinal0 [0x007F4B4E+84814]
	Ordinal0 [0x007F4AD9+84697]
	Ordinal0 [0x009ECE64+2149988]
	GetHandleVerifier [0x00C5BE95+1400773]
	GetHandleVerifier [0x00C5BB61+1399953]
	GetHandleVerifier [0x00C631FA+1430314]
	GetHandleVerifier [0x00C5C69F+1402831]
	Ordinal0 [0x009E3D61+2112865]
	Ordinal0 [0x009EE5CB+2155979]
	Ordinal0 [0x009EE6F5+2156277]
	Ordinal0 [0x009FF26E+2224750]
	BaseThreadInitThunk [0x74FD6359+25]
	RtlGetAppContainerNamedObjectPath [0x76F47C24+228]
	RtlGetAppContainerNamedObjectPath [0x76F47BF4+180]

	at sun.reflect.NativeConstructorAccessorImpl.newInstance0(Native Method)
	at sun.reflect.NativeConstructorAccessorImpl.newInstance(NativeConstructorAccessorImpl.java:62)
	at sun.reflect.DelegatingConstructorAccessorImpl.newInstance(DelegatingConstructorAccessorImpl.java:45)
	at java.lang.reflect.Constructor.newInstance(Constructor.java:423)
	at org.openqa.selenium.remote.W3CHandshakeResponse.lambda$errorHandler$0(W3CHandshakeResponse.java:62)
	at org.openqa.selenium.remote.HandshakeResponse.lambda$getResponseFunction$0(HandshakeResponse.java:30)
	at org.openqa.selenium.remote.ProtocolHandshake.lambda$createSession$0(ProtocolHandshake.java:126)
	at java.util.stream.ReferencePipeline$3$1.accept(ReferencePipeline.java:193)
	at java.util.Spliterators$ArraySpliterator.tryAdvance(Spliterators.java:958)
	at java.util.stream.ReferencePipeline.forEachWithCancel(ReferencePipeline.java:126)
	at java.util.stream.AbstractPipeline.copyIntoWithCancel(AbstractPipeline.java:498)
	at java.util.stream.AbstractPipeline.copyInto(AbstractPipeline.java:485)
	at java.util.stream.AbstractPipeline.wrapAndCopyInto(AbstractPipeline.java:471)
	at java.util.stream.FindOps$FindOp.evaluateSequential(FindOps.java:152)
	at java.util.stream.AbstractPipeline.evaluate(AbstractPipeline.java:234)
	at java.util.stream.ReferencePipeline.findFirst(ReferencePipeline.java:464)
	at org.openqa.selenium.remote.ProtocolHandshake.createSession(ProtocolHandshake.java:128)
	at org.openqa.selenium.remote.ProtocolHandshake.createSession(ProtocolHandshake.java:74)
	at org.openqa.selenium.remote.HttpCommandExecutor.execute(HttpCommandExecutor.java:136)
	at org.openqa.selenium.remote.service.DriverCommandExecutor.execute(DriverCommandExecutor.java:83)
	at org.openqa.selenium.remote.RemoteWebDriver.execute(RemoteWebDriver.java:552)
	at org.openqa.selenium.remote.RemoteWebDriver.startSession(RemoteWebDriver.java:213)
	at org.openqa.selenium.remote.RemoteWebDriver.&lt;init&gt;(RemoteWebDriver.java:131)
	at org.openqa.selenium.chrome.ChromeDriver.&lt;init&gt;(ChromeDriver.java:181)
	at org.openqa.selenium.chrome.ChromeDriver.&lt;init&gt;(ChromeDriver.java:168)
	at org.openqa.selenium.chrome.ChromeDriver.&lt;init&gt;(ChromeDriver.java:123)
	at com.hawk895.base.TestBase.setUp(TestBase.java:76)
	at sun.reflect.NativeMethodAccessorImpl.invoke0(Native Method)
	at sun.reflect.NativeMethodAccessorImpl.invoke(NativeMethodAccessorImpl.java:62)
	at sun.reflect.DelegatingMethodAccessorImpl.invoke(DelegatingMethodAccessorImpl.java:43)
	at java.lang.reflect.Method.invoke(Method.java:498)
	at org.testng.internal.MethodInvocationHelper.invokeMethod(MethodInvocationHelper.java:132)
	at org.testng.internal.MethodInvocationHelper.invokeMethodConsideringTimeout(MethodInvocationHelper.java:61)
	at org.testng.internal.ConfigInvoker.invokeConfigurationMethod(ConfigInvoker.java:366)
	at org.testng.internal.ConfigInvoker.invokeConfigurations(ConfigInvoker.java:320)
	at org.testng.SuiteRunner.privateRun(SuiteRunner.java:327)
	at org.testng.SuiteRunner.run(SuiteRunner.java:286)
	at org.testng.SuiteRunnerWorker.runSuite(SuiteRunnerWorker.java:53)
	at org.testng.SuiteRunnerWorker.run(SuiteRunnerWorker.java:96)
	at org.testng.TestNG.runSuitesSequentially(TestNG.java:1218)
	at org.testng.TestNG.runSuitesLocally(TestNG.java:1140)
	at org.testng.TestNG.runSuites(TestNG.java:1069)
	at org.testng.TestNG.run(TestNG.java:1037)
	at org.apache.maven.surefire.testng.TestNGExecutor.run(TestNGExecutor.java:281)
	at org.apache.maven.surefire.testng.TestNGXmlTestSuite.execute(TestNGXmlTestSuite.java:75)
	at org.apache.maven.surefire.testng.TestNGProvider.invoke(TestNGProvider.java:121)
	at org.apache.maven.surefire.booter.ForkedBooter.invokeProviderInSameClassLoader(ForkedBooter.java:290)
	at org.apache.maven.surefire.booter.ForkedBooter.runSuitesInProcess(ForkedBooter.java:242)
	at org.apache.maven.surefire.booter.ForkedBooter.main(ForkedBooter.java:121)
</pre></div></td>
<td>607</td>
<td>com.hawk895.testcases.AddCustomer@31d7b7bf</td></tr>
</table><p>
<table width='100%' border='1' class='invocation-skipped'>
<tr><td colspan='4' align='center'><b>SKIPPED TESTS</b></td></tr>
<tr><td><b>Test method</b></td>
<td width="30%"><b>Exception</b></td>
<td width="10%"><b>Time (seconds)</b></td>
<td><b>Instance</b></td>
</tr>
<tr>
<td title='com.hawk895.testcases.LoginTest.LoginAsBm()'><b>LoginAsBm</b><br>Test class: com.hawk895.testcases.LoginTest</td>
<td><div><pre>org.openqa.selenium.SessionNotCreatedException: session not created
from timeout: Timed out receiving message from renderer: 600.000
  (Session info: chrome=86.0.4240.193)
Build info: version: &apos;3.141.59&apos;, revision: &apos;e82be7d358&apos;, time: &apos;2018-11-14T08:17:03&apos;
System info: host: &apos;DESKTOP-GOGGDHJ&apos;, ip: &apos;192.168.0.102&apos;, os.name: &apos;Windows 10&apos;, os.arch: &apos;amd64&apos;, os.version: &apos;10.0&apos;, java.version: &apos;1.8.0_201&apos;
Driver info: driver.version: ChromeDriver
remote stacktrace: Backtrace:
	Ordinal0 [0x00AEC013+3194899]
	Ordinal0 [0x009D6021+2056225]
	Ordinal0 [0x0086F608+587272]
	Ordinal0 [0x008636EC+538348]
	Ordinal0 [0x00862A6F+535151]
	Ordinal0 [0x00862E45+536133]
	Ordinal0 [0x008627A5+534437]
	Ordinal0 [0x0086BBC9+572361]
	Ordinal0 [0x00862754+534356]
	Ordinal0 [0x00863475+537717]
	Ordinal0 [0x00862A6F+535151]
	Ordinal0 [0x00862E45+536133]
	Ordinal0 [0x008627A5+534437]
	Ordinal0 [0x00869EFE+564990]
	Ordinal0 [0x00862754+534356]
	Ordinal0 [0x00863475+537717]
	Ordinal0 [0x00862A6F+535151]
	Ordinal0 [0x00862E45+536133]
	Ordinal0 [0x008627A5+534437]
	Ordinal0 [0x00868186+557446]
	Ordinal0 [0x00862754+534356]
	Ordinal0 [0x00863475+537717]
	Ordinal0 [0x00862A6F+535151]
	Ordinal0 [0x00862E45+536133]
	Ordinal0 [0x008627A5+534437]
	Ordinal0 [0x008674A7+554151]
	Ordinal0 [0x00862754+534356]
	Ordinal0 [0x00863475+537717]
	Ordinal0 [0x00862A6F+535151]
	Ordinal0 [0x00862E45+536133]
	Ordinal0 [0x008627A5+534437]
	Ordinal0 [0x0085F06C+520300]
	Ordinal0 [0x00862754+534356]
	Ordinal0 [0x008625BF+533951]
	Ordinal0 [0x008623D3+533459]
	Ordinal0 [0x00870620+591392]
	Ordinal0 [0x00812A0C+207372]
	Ordinal0 [0x00811D0D+204045]
	Ordinal0 [0x0080FC1B+195611]
	Ordinal0 [0x007F3B7F+80767]
	Ordinal0 [0x007F4B4E+84814]
	Ordinal0 [0x007F4AD9+84697]
	Ordinal0 [0x009ECE64+2149988]
	GetHandleVerifier [0x00C5BE95+1400773]
	GetHandleVerifier [0x00C5BB61+1399953]
	GetHandleVerifier [0x00C631FA+1430314]
	GetHandleVerifier [0x00C5C69F+1402831]
	Ordinal0 [0x009E3D61+2112865]
	Ordinal0 [0x009EE5CB+2155979]
	Ordinal0 [0x009EE6F5+2156277]
	Ordinal0 [0x009FF26E+2224750]
	BaseThreadInitThunk [0x74FD6359+25]
	RtlGetAppContainerNamedObjectPath [0x76F47C24+228]
	RtlGetAppContainerNamedObjectPath [0x76F47BF4+180]

	at org.openqa.selenium.remote.W3CHandshakeResponse.lambda$errorHandler$0(W3CHandshakeResponse.java:62)
	at org.openqa.selenium.remote.HandshakeResponse.lambda$getResponseFunction$0(HandshakeResponse.java:30)
	at org.openqa.selenium.remote.ProtocolHandshake.lambda$createSession$0(ProtocolHandshake.java:126)
	at java.util.stream.ReferencePipeline$3$1.accept(ReferencePipeline.java:193)
	at java.util.Spliterators$ArraySpliterator.tryAdvance(Spliterators.java:958)
	at java.util.stream.ReferencePipeline.forEachWithCancel(ReferencePipeline.java:126)
	at java.util.stream.AbstractPipeline.copyIntoWithCancel(AbstractPipeline.java:498)
	at java.util.stream.AbstractPipeline.copyInto(AbstractPipeline.java:485)
	at java.util.stream.AbstractPipeline.wrapAndCopyInto(AbstractPipeline.java:471)
	at java.util.stream.FindOps$FindOp.evaluateSequential(FindOps.java:152)
	at java.util.stream.AbstractPipeline.evaluate(AbstractPipeline.java:234)
	at java.util.stream.ReferencePipeline.findFirst(ReferencePipeline.java:464)
	at org.openqa.selenium.remote.ProtocolHandshake.createSession(ProtocolHandshake.java:128)
	at org.openqa.selenium.remote.ProtocolHandshake.createSession(ProtocolHandshake.java:74)
	at org.openqa.selenium.remote.HttpCommandExecutor.execute(HttpCommandExecutor.java:136)
	at org.openqa.selenium.remote.service.DriverCommandExecutor.execute(DriverCommandExecutor.java:83)
	at org.openqa.selenium.remote.RemoteWebDriver.execute(RemoteWebDriver.java:552)
	at org.openqa.selenium.remote.RemoteWebDriver.startSession(RemoteWebDriver.java:213)
	at org.openqa.selenium.remote.RemoteWebDriver.&lt;init&gt;(RemoteWebDriver.java:131)
	at org.openqa.selenium.chrome.ChromeDriver.&lt;init&gt;(ChromeDriver.java:181)
	at org.openqa.selenium.chrome.ChromeDriver.&lt;init&gt;(ChromeDriver.java:168)
	at org.openqa.selenium.chrome.ChromeDriver.&lt;init&gt;(ChromeDriver.java:123)
	at com.hawk895.base.TestBase.setUp(TestBase.java:76)
... Removed 26 stack frames</pre></div><a href='#' onClick='toggleBox("stack-trace611643685", this, "Click to show all stack frames", "Click to hide stack frames")'>Click to show all stack frames</a>
<div class='stack-trace' id='stack-trace611643685'><pre>org.openqa.selenium.SessionNotCreatedException: session not created
from timeout: Timed out receiving message from renderer: 600.000
  (Session info: chrome=86.0.4240.193)
Build info: version: &apos;3.141.59&apos;, revision: &apos;e82be7d358&apos;, time: &apos;2018-11-14T08:17:03&apos;
System info: host: &apos;DESKTOP-GOGGDHJ&apos;, ip: &apos;192.168.0.102&apos;, os.name: &apos;Windows 10&apos;, os.arch: &apos;amd64&apos;, os.version: &apos;10.0&apos;, java.version: &apos;1.8.0_201&apos;
Driver info: driver.version: ChromeDriver
remote stacktrace: Backtrace:
	Ordinal0 [0x00AEC013+3194899]
	Ordinal0 [0x009D6021+2056225]
	Ordinal0 [0x0086F608+587272]
	Ordinal0 [0x008636EC+538348]
	Ordinal0 [0x00862A6F+535151]
	Ordinal0 [0x00862E45+536133]
	Ordinal0 [0x008627A5+534437]
	Ordinal0 [0x0086BBC9+572361]
	Ordinal0 [0x00862754+534356]
	Ordinal0 [0x00863475+537717]
	Ordinal0 [0x00862A6F+535151]
	Ordinal0 [0x00862E45+536133]
	Ordinal0 [0x008627A5+534437]
	Ordinal0 [0x00869EFE+564990]
	Ordinal0 [0x00862754+534356]
	Ordinal0 [0x00863475+537717]
	Ordinal0 [0x00862A6F+535151]
	Ordinal0 [0x00862E45+536133]
	Ordinal0 [0x008627A5+534437]
	Ordinal0 [0x00868186+557446]
	Ordinal0 [0x00862754+534356]
	Ordinal0 [0x00863475+537717]
	Ordinal0 [0x00862A6F+535151]
	Ordinal0 [0x00862E45+536133]
	Ordinal0 [0x008627A5+534437]
	Ordinal0 [0x008674A7+554151]
	Ordinal0 [0x00862754+534356]
	Ordinal0 [0x00863475+537717]
	Ordinal0 [0x00862A6F+535151]
	Ordinal0 [0x00862E45+536133]
	Ordinal0 [0x008627A5+534437]
	Ordinal0 [0x0085F06C+520300]
	Ordinal0 [0x00862754+534356]
	Ordinal0 [0x008625BF+533951]
	Ordinal0 [0x008623D3+533459]
	Ordinal0 [0x00870620+591392]
	Ordinal0 [0x00812A0C+207372]
	Ordinal0 [0x00811D0D+204045]
	Ordinal0 [0x0080FC1B+195611]
	Ordinal0 [0x007F3B7F+80767]
	Ordinal0 [0x007F4B4E+84814]
	Ordinal0 [0x007F4AD9+84697]
	Ordinal0 [0x009ECE64+2149988]
	GetHandleVerifier [0x00C5BE95+1400773]
	GetHandleVerifier [0x00C5BB61+1399953]
	GetHandleVerifier [0x00C631FA+1430314]
	GetHandleVerifier [0x00C5C69F+1402831]
	Ordinal0 [0x009E3D61+2112865]
	Ordinal0 [0x009EE5CB+2155979]
	Ordinal0 [0x009EE6F5+2156277]
	Ordinal0 [0x009FF26E+2224750]
	BaseThreadInitThunk [0x74FD6359+25]
	RtlGetAppContainerNamedObjectPath [0x76F47C24+228]
	RtlGetAppContainerNamedObjectPath [0x76F47BF4+180]

	at sun.reflect.NativeConstructorAccessorImpl.newInstance0(Native Method)
	at sun.reflect.NativeConstructorAccessorImpl.newInstance(NativeConstructorAccessorImpl.java:62)
	at sun.reflect.DelegatingConstructorAccessorImpl.newInstance(DelegatingConstructorAccessorImpl.java:45)
	at java.lang.reflect.Constructor.newInstance(Constructor.java:423)
	at org.openqa.selenium.remote.W3CHandshakeResponse.lambda$errorHandler$0(W3CHandshakeResponse.java:62)
	at org.openqa.selenium.remote.HandshakeResponse.lambda$getResponseFunction$0(HandshakeResponse.java:30)
	at org.openqa.selenium.remote.ProtocolHandshake.lambda$createSession$0(ProtocolHandshake.java:126)
	at java.util.stream.ReferencePipeline$3$1.accept(ReferencePipeline.java:193)
	at java.util.Spliterators$ArraySpliterator.tryAdvance(Spliterators.java:958)
	at java.util.stream.ReferencePipeline.forEachWithCancel(ReferencePipeline.java:126)
	at java.util.stream.AbstractPipeline.copyIntoWithCancel(AbstractPipeline.java:498)
	at java.util.stream.AbstractPipeline.copyInto(AbstractPipeline.java:485)
	at java.util.stream.AbstractPipeline.wrapAndCopyInto(AbstractPipeline.java:471)
	at java.util.stream.FindOps$FindOp.evaluateSequential(FindOps.java:152)
	at java.util.stream.AbstractPipeline.evaluate(AbstractPipeline.java:234)
	at java.util.stream.ReferencePipeline.findFirst(ReferencePipeline.java:464)
	at org.openqa.selenium.remote.ProtocolHandshake.createSession(ProtocolHandshake.java:128)
	at org.openqa.selenium.remote.ProtocolHandshake.createSession(ProtocolHandshake.java:74)
	at org.openqa.selenium.remote.HttpCommandExecutor.execute(HttpCommandExecutor.java:136)
	at org.openqa.selenium.remote.service.DriverCommandExecutor.execute(DriverCommandExecutor.java:83)
	at org.openqa.selenium.remote.RemoteWebDriver.execute(RemoteWebDriver.java:552)
	at org.openqa.selenium.remote.RemoteWebDriver.startSession(RemoteWebDriver.java:213)
	at org.openqa.selenium.remote.RemoteWebDriver.&lt;init&gt;(RemoteWebDriver.java:131)
	at org.openqa.selenium.chrome.ChromeDriver.&lt;init&gt;(ChromeDriver.java:181)
	at org.openqa.selenium.chrome.ChromeDriver.&lt;init&gt;(ChromeDriver.java:168)
	at org.openqa.selenium.chrome.ChromeDriver.&lt;init&gt;(ChromeDriver.java:123)
	at com.hawk895.base.TestBase.setUp(TestBase.java:76)
	at sun.reflect.NativeMethodAccessorImpl.invoke0(Native Method)
	at sun.reflect.NativeMethodAccessorImpl.invoke(NativeMethodAccessorImpl.java:62)
	at sun.reflect.DelegatingMethodAccessorImpl.invoke(DelegatingMethodAccessorImpl.java:43)
	at java.lang.reflect.Method.invoke(Method.java:498)
	at org.testng.internal.MethodInvocationHelper.invokeMethod(MethodInvocationHelper.java:132)
	at org.testng.internal.MethodInvocationHelper.invokeMethodConsideringTimeout(MethodInvocationHelper.java:61)
	at org.testng.internal.ConfigInvoker.invokeConfigurationMethod(ConfigInvoker.java:366)
	at org.testng.internal.ConfigInvoker.invokeConfigurations(ConfigInvoker.java:320)
	at org.testng.SuiteRunner.privateRun(SuiteRunner.java:327)
	at org.testng.SuiteRunner.run(SuiteRunner.java:286)
	at org.testng.SuiteRunnerWorker.runSuite(SuiteRunnerWorker.java:53)
	at org.testng.SuiteRunnerWorker.run(SuiteRunnerWorker.java:96)
	at org.testng.TestNG.runSuitesSequentially(TestNG.java:1218)
	at org.testng.TestNG.runSuitesLocally(TestNG.java:1140)
	at org.testng.TestNG.runSuites(TestNG.java:1069)
	at org.testng.TestNG.run(TestNG.java:1037)
	at org.apache.maven.surefire.testng.TestNGExecutor.run(TestNGExecutor.java:281)
	at org.apache.maven.surefire.testng.TestNGXmlTestSuite.execute(TestNGXmlTestSuite.java:75)
	at org.apache.maven.surefire.testng.TestNGProvider.invoke(TestNGProvider.java:121)
	at org.apache.maven.surefire.booter.ForkedBooter.invokeProviderInSameClassLoader(ForkedBooter.java:290)
	at org.apache.maven.surefire.booter.ForkedBooter.runSuitesInProcess(ForkedBooter.java:242)
	at org.apache.maven.surefire.booter.ForkedBooter.main(ForkedBooter.java:121)
</pre></div></td>
<td>0</td>
<td>com.hawk895.testcases.LoginTest@3ba9ad43</td></tr>
</table><p>
</body>
</html>