<?xml version="1.0" encoding="UTF-8"?>
<!-- Generated by org.testng.reporters.JUnitXMLReporter -->
<testsuite hostname="DESKTOP-GOGGDHJ" ignored="0" name="LoginTest" tests="1" failures="0" timestamp="2020-11-16T23:50:00 IST" time="0.117" errors="0">
  <testcase name="@BeforeSuite setUp" time="607.84" classname="com.hawk895.base.TestBase">
    <failure type="org.openqa.selenium.SessionNotCreatedException" message="session not created
from timeout: Timed out receiving message from renderer: 600.000
  (Session info: chrome=86.0.4240.193)
Build info: version: &amp;apos;3.141.59&amp;apos;, revision: &amp;apos;e82be7d358&amp;apos;, time: &amp;apos;2018-11-14T08:17:03&amp;apos;
System info: host: &amp;apos;DESKTOP-GOGGDHJ&amp;apos;, ip: &amp;apos;192.168.0.102&amp;apos;, os.name: &amp;apos;Windows 10&amp;apos;, os.arch: &amp;apos;amd64&amp;apos;, os.version: &amp;apos;10.0&amp;apos;, java.version: &amp;apos;1.8.0_201&amp;apos;
Driver info: driver.version: ChromeDriver
remote stacktrace: Backtrace:
	Ordinal0 [0x00AEC013+3194899]
	Ordinal0 [0x009D6021+2056225]
	Ordinal0 [0x0086F608+587272]
	Ordinal0 [0x008636EC+538348]
	Ordinal0 [0x00862A6F+535151]
	Ordinal0 [0x00862E45+536133]
	Ordinal0 [0x008627A5+534437]
	Ordinal0 [0x0086BBC9+572361]
	Ordinal0 [0x00862754+534356]
	Ordinal0 [0x00863475+537717]
	Ordinal0 [0x00862A6F+535151]
	Ordinal0 [0x00862E45+536133]
	Ordinal0 [0x008627A5+534437]
	Ordinal0 [0x00869EFE+564990]
	Ordinal0 [0x00862754+534356]
	Ordinal0 [0x00863475+537717]
	Ordinal0 [0x00862A6F+535151]
	Ordinal0 [0x00862E45+536133]
	Ordinal0 [0x008627A5+534437]
	Ordinal0 [0x00868186+557446]
	Ordinal0 [0x00862754+534356]
	Ordinal0 [0x00863475+537717]
	Ordinal0 [0x00862A6F+535151]
	Ordinal0 [0x00862E45+536133]
	Ordinal0 [0x008627A5+534437]
	Ordinal0 [0x008674A7+554151]
	Ordinal0 [0x00862754+534356]
	Ordinal0 [0x00863475+537717]
	Ordinal0 [0x00862A6F+535151]
	Ordinal0 [0x00862E45+536133]
	Ordinal0 [0x008627A5+534437]
	Ordinal0 [0x0085F06C+520300]
	Ordinal0 [0x00862754+534356]
	Ordinal0 [0x008625BF+533951]
	Ordinal0 [0x008623D3+533459]
	Ordinal0 [0x00870620+591392]
	Ordinal0 [0x00812A0C+207372]
	Ordinal0 [0x00811D0D+204045]
	Ordinal0 [0x0080FC1B+195611]
	Ordinal0 [0x007F3B7F+80767]
	Ordinal0 [0x007F4B4E+84814]
	Ordinal0 [0x007F4AD9+84697]
	Ordinal0 [0x009ECE64+2149988]
	GetHandleVerifier [0x00C5BE95+1400773]
	GetHandleVerifier [0x00C5BB61+1399953]
	GetHandleVerifier [0x00C631FA+1430314]
	GetHandleVerifier [0x00C5C69F+1402831]
	Ordinal0 [0x009E3D61+2112865]
	Ordinal0 [0x009EE5CB+2155979]
	Ordinal0 [0x009EE6F5+2156277]
	Ordinal0 [0x009FF26E+2224750]
	BaseThreadInitThunk [0x74FD6359+25]
	RtlGetAppContainerNamedObjectPath [0x76F47C24+228]
	RtlGetAppContainerNamedObjectPath [0x76F47BF4+180]
">
      <![CDATA[org.openqa.selenium.SessionNotCreatedException: session not created
from timeout: Timed out receiving message from renderer: 600.000
  (Session info: chrome=86.0.4240.193)
Build info: version: '3.141.59', revision: 'e82be7d358', time: '2018-11-14T08:17:03'
System info: host: 'DESKTOP-GOGGDHJ', ip: '192.168.0.102', os.name: 'Windows 10', os.arch: 'amd64', os.version: '10.0', java.version: '1.8.0_201'
Driver info: driver.version: ChromeDriver
remote stacktrace: Backtrace:
Ordinal0 [0x00AEC013+3194899]
Ordinal0 [0x009D6021+2056225]
Ordinal0 [0x0086F608+587272]
Ordinal0 [0x008636EC+538348]
Ordinal0 [0x00862A6F+535151]
Ordinal0 [0x00862E45+536133]
Ordinal0 [0x008627A5+534437]
Ordinal0 [0x0086BBC9+572361]
Ordinal0 [0x00862754+534356]
Ordinal0 [0x00863475+537717]
Ordinal0 [0x00862A6F+535151]
Ordinal0 [0x00862E45+536133]
Ordinal0 [0x008627A5+534437]
Ordinal0 [0x00869EFE+564990]
Ordinal0 [0x00862754+534356]
Ordinal0 [0x00863475+537717]
Ordinal0 [0x00862A6F+535151]
Ordinal0 [0x00862E45+536133]
Ordinal0 [0x008627A5+534437]
Ordinal0 [0x00868186+557446]
Ordinal0 [0x00862754+534356]
Ordinal0 [0x00863475+537717]
Ordinal0 [0x00862A6F+535151]
Ordinal0 [0x00862E45+536133]
Ordinal0 [0x008627A5+534437]
Ordinal0 [0x008674A7+554151]
Ordinal0 [0x00862754+534356]
Ordinal0 [0x00863475+537717]
Ordinal0 [0x00862A6F+535151]
Ordinal0 [0x00862E45+536133]
Ordinal0 [0x008627A5+534437]
Ordinal0 [0x0085F06C+520300]
Ordinal0 [0x00862754+534356]
Ordinal0 [0x008625BF+533951]
Ordinal0 [0x008623D3+533459]
Ordinal0 [0x00870620+591392]
Ordinal0 [0x00812A0C+207372]
Ordinal0 [0x00811D0D+204045]
Ordinal0 [0x0080FC1B+195611]
Ordinal0 [0x007F3B7F+80767]
Ordinal0 [0x007F4B4E+84814]
Ordinal0 [0x007F4AD9+84697]
Ordinal0 [0x009ECE64+2149988]
GetHandleVerifier [0x00C5BE95+1400773]
GetHandleVerifier [0x00C5BB61+1399953]
GetHandleVerifier [0x00C631FA+1430314]
GetHandleVerifier [0x00C5C69F+1402831]
Ordinal0 [0x009E3D61+2112865]
Ordinal0 [0x009EE5CB+2155979]
Ordinal0 [0x009EE6F5+2156277]
Ordinal0 [0x009FF26E+2224750]
BaseThreadInitThunk [0x74FD6359+25]
RtlGetAppContainerNamedObjectPath [0x76F47C24+228]
RtlGetAppContainerNamedObjectPath [0x76F47BF4+180]

at org.openqa.selenium.remote.W3CHandshakeResponse.lambda$errorHandler$0(W3CHandshakeResponse.java:62)
at org.openqa.selenium.remote.HandshakeResponse.lambda$getResponseFunction$0(HandshakeResponse.java:30)
at org.openqa.selenium.remote.ProtocolHandshake.lambda$createSession$0(ProtocolHandshake.java:126)
at java.util.stream.ReferencePipeline$3$1.accept(ReferencePipeline.java:193)
at java.util.Spliterators$ArraySpliterator.tryAdvance(Spliterators.java:958)
at java.util.stream.ReferencePipeline.forEachWithCancel(ReferencePipeline.java:126)
at java.util.stream.AbstractPipeline.copyIntoWithCancel(AbstractPipeline.java:498)
at java.util.stream.AbstractPipeline.copyInto(AbstractPipeline.java:485)
at java.util.stream.AbstractPipeline.wrapAndCopyInto(AbstractPipeline.java:471)
at java.util.stream.FindOps$FindOp.evaluateSequential(FindOps.java:152)
at java.util.stream.AbstractPipeline.evaluate(AbstractPipeline.java:234)
at java.util.stream.ReferencePipeline.findFirst(ReferencePipeline.java:464)
at org.openqa.selenium.remote.ProtocolHandshake.createSession(ProtocolHandshake.java:128)
at org.openqa.selenium.remote.ProtocolHandshake.createSession(ProtocolHandshake.java:74)
at org.openqa.selenium.remote.HttpCommandExecutor.execute(HttpCommandExecutor.java:136)
at org.openqa.selenium.remote.service.DriverCommandExecutor.execute(DriverCommandExecutor.java:83)
at org.openqa.selenium.remote.RemoteWebDriver.execute(RemoteWebDriver.java:552)
at org.openqa.selenium.remote.RemoteWebDriver.startSession(RemoteWebDriver.java:213)
at org.openqa.selenium.remote.RemoteWebDriver.<init>(RemoteWebDriver.java:131)
at org.openqa.selenium.chrome.ChromeDriver.<init>(ChromeDriver.java:181)
at org.openqa.selenium.chrome.ChromeDriver.<init>(ChromeDriver.java:168)
at org.openqa.selenium.chrome.ChromeDriver.<init>(ChromeDriver.java:123)
at com.hawk895.base.TestBase.setUp(TestBase.java:76)
... Removed 26 stack frames]]>
    </failure>
  </testcase> <!-- @BeforeSuite setUp -->
  <testcase name="LoginAsBm" time="0.0" classname="com.hawk895.testcases.LoginTest">
    <skipped/>
  </testcase> <!-- LoginAsBm -->
</testsuite> <!-- LoginTest -->
